<?xml version="1.0" encoding="UTF-8"?>
<testsuite xmlns:xsi="http://www.w3.org/2001/XMLSchema-instance" xsi:noNamespaceSchemaLocation="https://maven.apache.org/surefire/maven-surefire-plugin/xsd/surefire-test-report-3.0.xsd" version="3.0" name="com.yun.TliasWebManagementApplicationTests" time="3.011" tests="1" errors="0" skipped="0" failures="0">
  <properties>
    <property name="java.specification.version" value="21"/>
    <property name="sun.cpu.isalist" value="amd64"/>
    <property name="sun.jnu.encoding" value="GBK"/>
    <property name="java.class.path" value="D:\student\tlias-web-management\tlias-web-management\target\test-classes;D:\student\tlias-web-management\tlias-web-management\target\classes;D:\develop\apache-maven-3.9.9\mvn_repo\org\springframework\boot\spring-boot-starter-web\3.3.0\spring-boot-starter-web-3.3.0.jar;D:\develop\apache-maven-3.9.9\mvn_repo\org\springframework\boot\spring-boot-starter\3.3.0\spring-boot-starter-3.3.0.jar;D:\develop\apache-maven-3.9.9\mvn_repo\org\springframework\boot\spring-boot\3.3.0\spring-boot-3.3.0.jar;D:\develop\apache-maven-3.9.9\mvn_repo\org\springframework\boot\spring-boot-autoconfigure\3.3.0\spring-boot-autoconfigure-3.3.0.jar;D:\develop\apache-maven-3.9.9\mvn_repo\org\springframework\boot\spring-boot-starter-logging\3.3.0\spring-boot-starter-logging-3.3.0.jar;D:\develop\apache-maven-3.9.9\mvn_repo\ch\qos\logback\logback-classic\1.5.6\logback-classic-1.5.6.jar;D:\develop\apache-maven-3.9.9\mvn_repo\ch\qos\logback\logback-core\1.5.6\logback-core-1.5.6.jar;D:\develop\apache-maven-3.9.9\mvn_repo\org\apache\logging\log4j\log4j-to-slf4j\2.23.1\log4j-to-slf4j-2.23.1.jar;D:\develop\apache-maven-3.9.9\mvn_repo\org\apache\logging\log4j\log4j-api\2.23.1\log4j-api-2.23.1.jar;D:\develop\apache-maven-3.9.9\mvn_repo\org\slf4j\jul-to-slf4j\2.0.13\jul-to-slf4j-2.0.13.jar;D:\develop\apache-maven-3.9.9\mvn_repo\jakarta\annotation\jakarta.annotation-api\2.1.1\jakarta.annotation-api-2.1.1.jar;D:\develop\apache-maven-3.9.9\mvn_repo\org\yaml\snakeyaml\2.2\snakeyaml-2.2.jar;D:\develop\apache-maven-3.9.9\mvn_repo\org\springframework\boot\spring-boot-starter-json\3.3.0\spring-boot-starter-json-3.3.0.jar;D:\develop\apache-maven-3.9.9\mvn_repo\com\fasterxml\jackson\core\jackson-databind\2.17.1\jackson-databind-2.17.1.jar;D:\develop\apache-maven-3.9.9\mvn_repo\com\fasterxml\jackson\core\jackson-annotations\2.17.1\jackson-annotations-2.17.1.jar;D:\develop\apache-maven-3.9.9\mvn_repo\com\fasterxml\jackson\core\jackson-core\2.17.1\jackson-core-2.17.1.jar;D:\develop\apache-maven-3.9.9\mvn_repo\com\fasterxml\jackson\datatype\jackson-datatype-jdk8\2.17.1\jackson-datatype-jdk8-2.17.1.jar;D:\develop\apache-maven-3.9.9\mvn_repo\com\fasterxml\jackson\datatype\jackson-datatype-jsr310\2.17.1\jackson-datatype-jsr310-2.17.1.jar;D:\develop\apache-maven-3.9.9\mvn_repo\com\fasterxml\jackson\module\jackson-module-parameter-names\2.17.1\jackson-module-parameter-names-2.17.1.jar;D:\develop\apache-maven-3.9.9\mvn_repo\org\springframework\boot\spring-boot-starter-tomcat\3.3.0\spring-boot-starter-tomcat-3.3.0.jar;D:\develop\apache-maven-3.9.9\mvn_repo\org\apache\tomcat\embed\tomcat-embed-core\10.1.24\tomcat-embed-core-10.1.24.jar;D:\develop\apache-maven-3.9.9\mvn_repo\org\apache\tomcat\embed\tomcat-embed-el\10.1.24\tomcat-embed-el-10.1.24.jar;D:\develop\apache-maven-3.9.9\mvn_repo\org\apache\tomcat\embed\tomcat-embed-websocket\10.1.24\tomcat-embed-websocket-10.1.24.jar;D:\develop\apache-maven-3.9.9\mvn_repo\org\springframework\spring-web\6.1.8\spring-web-6.1.8.jar;D:\develop\apache-maven-3.9.9\mvn_repo\org\springframework\spring-beans\6.1.8\spring-beans-6.1.8.jar;D:\develop\apache-maven-3.9.9\mvn_repo\org\springframework\spring-webmvc\6.1.8\spring-webmvc-6.1.8.jar;D:\develop\apache-maven-3.9.9\mvn_repo\org\springframework\spring-aop\6.1.8\spring-aop-6.1.8.jar;D:\develop\apache-maven-3.9.9\mvn_repo\org\springframework\spring-context\6.1.8\spring-context-6.1.8.jar;D:\develop\apache-maven-3.9.9\mvn_repo\org\springframework\spring-expression\6.1.8\spring-expression-6.1.8.jar;D:\develop\apache-maven-3.9.9\mvn_repo\org\mybatis\spring\boot\mybatis-spring-boot-starter\3.0.4\mybatis-spring-boot-starter-3.0.4.jar;D:\develop\apache-maven-3.9.9\mvn_repo\org\springframework\boot\spring-boot-starter-jdbc\3.3.0\spring-boot-starter-jdbc-3.3.0.jar;D:\develop\apache-maven-3.9.9\mvn_repo\com\zaxxer\HikariCP\5.1.0\HikariCP-5.1.0.jar;D:\develop\apache-maven-3.9.9\mvn_repo\org\springframework\spring-jdbc\6.1.8\spring-jdbc-6.1.8.jar;D:\develop\apache-maven-3.9.9\mvn_repo\org\springframework\spring-tx\6.1.8\spring-tx-6.1.8.jar;D:\develop\apache-maven-3.9.9\mvn_repo\org\mybatis\spring\boot\mybatis-spring-boot-autoconfigure\3.0.4\mybatis-spring-boot-autoconfigure-3.0.4.jar;D:\develop\apache-maven-3.9.9\mvn_repo\org\mybatis\mybatis\3.5.17\mybatis-3.5.17.jar;D:\develop\apache-maven-3.9.9\mvn_repo\org\mybatis\mybatis-spring\3.0.4\mybatis-spring-3.0.4.jar;D:\develop\apache-maven-3.9.9\mvn_repo\com\mysql\mysql-connector-j\8.3.0\mysql-connector-j-8.3.0.jar;D:\develop\apache-maven-3.9.9\mvn_repo\org\projectlombok\lombok\1.18.32\lombok-1.18.32.jar;D:\develop\apache-maven-3.9.9\mvn_repo\org\springframework\boot\spring-boot-starter-test\3.3.0\spring-boot-starter-test-3.3.0.jar;D:\develop\apache-maven-3.9.9\mvn_repo\org\springframework\boot\spring-boot-test\3.3.0\spring-boot-test-3.3.0.jar;D:\develop\apache-maven-3.9.9\mvn_repo\org\springframework\boot\spring-boot-test-autoconfigure\3.3.0\spring-boot-test-autoconfigure-3.3.0.jar;D:\develop\apache-maven-3.9.9\mvn_repo\com\jayway\jsonpath\json-path\2.9.0\json-path-2.9.0.jar;D:\develop\apache-maven-3.9.9\mvn_repo\org\slf4j\slf4j-api\2.0.13\slf4j-api-2.0.13.jar;D:\develop\apache-maven-3.9.9\mvn_repo\jakarta\xml\bind\jakarta.xml.bind-api\4.0.2\jakarta.xml.bind-api-4.0.2.jar;D:\develop\apache-maven-3.9.9\mvn_repo\jakarta\activation\jakarta.activation-api\2.1.3\jakarta.activation-api-2.1.3.jar;D:\develop\apache-maven-3.9.9\mvn_repo\net\minidev\json-smart\2.5.1\json-smart-2.5.1.jar;D:\develop\apache-maven-3.9.9\mvn_repo\net\minidev\accessors-smart\2.5.1\accessors-smart-2.5.1.jar;D:\develop\apache-maven-3.9.9\mvn_repo\org\ow2\asm\asm\9.6\asm-9.6.jar;D:\develop\apache-maven-3.9.9\mvn_repo\org\assertj\assertj-core\3.25.3\assertj-core-3.25.3.jar;D:\develop\apache-maven-3.9.9\mvn_repo\net\bytebuddy\byte-buddy\1.14.16\byte-buddy-1.14.16.jar;D:\develop\apache-maven-3.9.9\mvn_repo\org\awaitility\awaitility\4.2.1\awaitility-4.2.1.jar;D:\develop\apache-maven-3.9.9\mvn_repo\org\hamcrest\hamcrest\2.2\hamcrest-2.2.jar;D:\develop\apache-maven-3.9.9\mvn_repo\org\junit\jupiter\junit-jupiter\5.10.2\junit-jupiter-5.10.2.jar;D:\develop\apache-maven-3.9.9\mvn_repo\org\junit\jupiter\junit-jupiter-api\5.10.2\junit-jupiter-api-5.10.2.jar;D:\develop\apache-maven-3.9.9\mvn_repo\org\opentest4j\opentest4j\1.3.0\opentest4j-1.3.0.jar;D:\develop\apache-maven-3.9.9\mvn_repo\org\junit\platform\junit-platform-commons\1.10.2\junit-platform-commons-1.10.2.jar;D:\develop\apache-maven-3.9.9\mvn_repo\org\apiguardian\apiguardian-api\1.1.2\apiguardian-api-1.1.2.jar;D:\develop\apache-maven-3.9.9\mvn_repo\org\junit\jupiter\junit-jupiter-params\5.10.2\junit-jupiter-params-5.10.2.jar;D:\develop\apache-maven-3.9.9\mvn_repo\org\junit\jupiter\junit-jupiter-engine\5.10.2\junit-jupiter-engine-5.10.2.jar;D:\develop\apache-maven-3.9.9\mvn_repo\org\junit\platform\junit-platform-engine\1.10.2\junit-platform-engine-1.10.2.jar;D:\develop\apache-maven-3.9.9\mvn_repo\org\mockito\mockito-core\5.11.0\mockito-core-5.11.0.jar;D:\develop\apache-maven-3.9.9\mvn_repo\net\bytebuddy\byte-buddy-agent\1.14.16\byte-buddy-agent-1.14.16.jar;D:\develop\apache-maven-3.9.9\mvn_repo\org\objenesis\objenesis\3.3\objenesis-3.3.jar;D:\develop\apache-maven-3.9.9\mvn_repo\org\mockito\mockito-junit-jupiter\5.11.0\mockito-junit-jupiter-5.11.0.jar;D:\develop\apache-maven-3.9.9\mvn_repo\org\skyscreamer\jsonassert\1.5.1\jsonassert-1.5.1.jar;D:\develop\apache-maven-3.9.9\mvn_repo\com\vaadin\external\google\android-json\0.0.20131108.vaadin1\android-json-0.0.20131108.vaadin1.jar;D:\develop\apache-maven-3.9.9\mvn_repo\org\springframework\spring-core\6.1.8\spring-core-6.1.8.jar;D:\develop\apache-maven-3.9.9\mvn_repo\org\springframework\spring-jcl\6.1.8\spring-jcl-6.1.8.jar;D:\develop\apache-maven-3.9.9\mvn_repo\org\springframework\spring-test\6.1.8\spring-test-6.1.8.jar;D:\develop\apache-maven-3.9.9\mvn_repo\org\xmlunit\xmlunit-core\2.9.1\xmlunit-core-2.9.1.jar;D:\develop\apache-maven-3.9.9\mvn_repo\org\springframework\boot\spring-boot-starter-actuator\3.3.0\spring-boot-starter-actuator-3.3.0.jar;D:\develop\apache-maven-3.9.9\mvn_repo\org\springframework\boot\spring-boot-actuator-autoconfigure\3.3.0\spring-boot-actuator-autoconfigure-3.3.0.jar;D:\develop\apache-maven-3.9.9\mvn_repo\org\springframework\boot\spring-boot-actuator\3.3.0\spring-boot-actuator-3.3.0.jar;D:\develop\apache-maven-3.9.9\mvn_repo\io\micrometer\micrometer-observation\1.13.0\micrometer-observation-1.13.0.jar;D:\develop\apache-maven-3.9.9\mvn_repo\io\micrometer\micrometer-commons\1.13.0\micrometer-commons-1.13.0.jar;D:\develop\apache-maven-3.9.9\mvn_repo\io\micrometer\micrometer-jakarta9\1.13.0\micrometer-jakarta9-1.13.0.jar;D:\develop\apache-maven-3.9.9\mvn_repo\io\micrometer\micrometer-core\1.13.0\micrometer-core-1.13.0.jar;D:\develop\apache-maven-3.9.9\mvn_repo\org\hdrhistogram\HdrHistogram\2.2.1\HdrHistogram-2.2.1.jar;D:\develop\apache-maven-3.9.9\mvn_repo\org\latencyutils\LatencyUtils\2.0.3\LatencyUtils-2.0.3.jar;D:\develop\apache-maven-3.9.9\mvn_repo\com\github\pagehelper\pagehelper-spring-boot-starter\1.4.7\pagehelper-spring-boot-starter-1.4.7.jar;D:\develop\apache-maven-3.9.9\mvn_repo\com\github\pagehelper\pagehelper-spring-boot-autoconfigure\1.4.7\pagehelper-spring-boot-autoconfigure-1.4.7.jar;D:\develop\apache-maven-3.9.9\mvn_repo\com\github\pagehelper\pagehelper\5.3.3\pagehelper-5.3.3.jar;D:\develop\apache-maven-3.9.9\mvn_repo\com\github\jsqlparser\jsqlparser\4.5\jsqlparser-4.5.jar;D:\develop\apache-maven-3.9.9\mvn_repo\io\jsonwebtoken\jjwt\0.12.3\jjwt-0.12.3.jar;D:\develop\apache-maven-3.9.9\mvn_repo\io\jsonwebtoken\jjwt-api\0.12.3\jjwt-api-0.12.3.jar;D:\develop\apache-maven-3.9.9\mvn_repo\io\jsonwebtoken\jjwt-impl\0.12.3\jjwt-impl-0.12.3.jar;D:\develop\apache-maven-3.9.9\mvn_repo\io\jsonwebtoken\jjwt-jackson\0.12.3\jjwt-jackson-0.12.3.jar;D:\develop\apache-maven-3.9.9\mvn_repo\javax\xml\bind\jaxb-api\2.1\jaxb-api-2.1.jar;D:\develop\apache-maven-3.9.9\mvn_repo\javax\xml\stream\stax-api\1.0-2\stax-api-1.0-2.jar;D:\develop\apache-maven-3.9.9\mvn_repo\javax\activation\activation\1.1\activation-1.1.jar;D:\develop\apache-maven-3.9.9\mvn_repo\com\alibaba\fastjson\2.0.52\fastjson-2.0.52.jar;D:\develop\apache-maven-3.9.9\mvn_repo\com\alibaba\fastjson2\fastjson2-extension\2.0.52\fastjson2-extension-2.0.52.jar;D:\develop\apache-maven-3.9.9\mvn_repo\com\alibaba\fastjson2\fastjson2\2.0.52\fastjson2-2.0.52.jar;"/>
    <property name="java.vm.vendor" value="Oracle Corporation"/>
    <property name="sun.arch.data.model" value="64"/>
    <property name="user.variant" value=""/>
    <property name="java.vendor.url" value="https://java.oracle.com/"/>
    <property name="user.timezone" value="Asia/Shanghai"/>
    <property name="os.name" value="Windows 11"/>
    <property name="java.vm.specification.version" value="21"/>
    <property name="sun.java.launcher" value="SUN_STANDARD"/>
    <property name="user.country" value="CN"/>
    <property name="sun.boot.library.path" value="D:\jdk-21.0.5\bin"/>
    <property name="sun.java.command" value="C:\Users\Admin\AppData\Local\Temp\surefire13901775139019230395\surefirebooter-20250105194327768_3.jar C:\Users\Admin\AppData\Local\Temp\surefire13901775139019230395 2025-01-05T19-43-23_961-jvmRun1 surefire-20250105194327768_1tmp surefire_0-20250105194327768_2tmp"/>
    <property name="jdk.debug" value="release"/>
    <property name="surefire.test.class.path" value="D:\student\tlias-web-management\tlias-web-management\target\test-classes;D:\student\tlias-web-management\tlias-web-management\target\classes;D:\develop\apache-maven-3.9.9\mvn_repo\org\springframework\boot\spring-boot-starter-web\3.3.0\spring-boot-starter-web-3.3.0.jar;D:\develop\apache-maven-3.9.9\mvn_repo\org\springframework\boot\spring-boot-starter\3.3.0\spring-boot-starter-3.3.0.jar;D:\develop\apache-maven-3.9.9\mvn_repo\org\springframework\boot\spring-boot\3.3.0\spring-boot-3.3.0.jar;D:\develop\apache-maven-3.9.9\mvn_repo\org\springframework\boot\spring-boot-autoconfigure\3.3.0\spring-boot-autoconfigure-3.3.0.jar;D:\develop\apache-maven-3.9.9\mvn_repo\org\springframework\boot\spring-boot-starter-logging\3.3.0\spring-boot-starter-logging-3.3.0.jar;D:\develop\apache-maven-3.9.9\mvn_repo\ch\qos\logback\logback-classic\1.5.6\logback-classic-1.5.6.jar;D:\develop\apache-maven-3.9.9\mvn_repo\ch\qos\logback\logback-core\1.5.6\logback-core-1.5.6.jar;D:\develop\apache-maven-3.9.9\mvn_repo\org\apache\logging\log4j\log4j-to-slf4j\2.23.1\log4j-to-slf4j-2.23.1.jar;D:\develop\apache-maven-3.9.9\mvn_repo\org\apache\logging\log4j\log4j-api\2.23.1\log4j-api-2.23.1.jar;D:\develop\apache-maven-3.9.9\mvn_repo\org\slf4j\jul-to-slf4j\2.0.13\jul-to-slf4j-2.0.13.jar;D:\develop\apache-maven-3.9.9\mvn_repo\jakarta\annotation\jakarta.annotation-api\2.1.1\jakarta.annotation-api-2.1.1.jar;D:\develop\apache-maven-3.9.9\mvn_repo\org\yaml\snakeyaml\2.2\snakeyaml-2.2.jar;D:\develop\apache-maven-3.9.9\mvn_repo\org\springframework\boot\spring-boot-starter-json\3.3.0\spring-boot-starter-json-3.3.0.jar;D:\develop\apache-maven-3.9.9\mvn_repo\com\fasterxml\jackson\core\jackson-databind\2.17.1\jackson-databind-2.17.1.jar;D:\develop\apache-maven-3.9.9\mvn_repo\com\fasterxml\jackson\core\jackson-annotations\2.17.1\jackson-annotations-2.17.1.jar;D:\develop\apache-maven-3.9.9\mvn_repo\com\fasterxml\jackson\core\jackson-core\2.17.1\jackson-core-2.17.1.jar;D:\develop\apache-maven-3.9.9\mvn_repo\com\fasterxml\jackson\datatype\jackson-datatype-jdk8\2.17.1\jackson-datatype-jdk8-2.17.1.jar;D:\develop\apache-maven-3.9.9\mvn_repo\com\fasterxml\jackson\datatype\jackson-datatype-jsr310\2.17.1\jackson-datatype-jsr310-2.17.1.jar;D:\develop\apache-maven-3.9.9\mvn_repo\com\fasterxml\jackson\module\jackson-module-parameter-names\2.17.1\jackson-module-parameter-names-2.17.1.jar;D:\develop\apache-maven-3.9.9\mvn_repo\org\springframework\boot\spring-boot-starter-tomcat\3.3.0\spring-boot-starter-tomcat-3.3.0.jar;D:\develop\apache-maven-3.9.9\mvn_repo\org\apache\tomcat\embed\tomcat-embed-core\10.1.24\tomcat-embed-core-10.1.24.jar;D:\develop\apache-maven-3.9.9\mvn_repo\org\apache\tomcat\embed\tomcat-embed-el\10.1.24\tomcat-embed-el-10.1.24.jar;D:\develop\apache-maven-3.9.9\mvn_repo\org\apache\tomcat\embed\tomcat-embed-websocket\10.1.24\tomcat-embed-websocket-10.1.24.jar;D:\develop\apache-maven-3.9.9\mvn_repo\org\springframework\spring-web\6.1.8\spring-web-6.1.8.jar;D:\develop\apache-maven-3.9.9\mvn_repo\org\springframework\spring-beans\6.1.8\spring-beans-6.1.8.jar;D:\develop\apache-maven-3.9.9\mvn_repo\org\springframework\spring-webmvc\6.1.8\spring-webmvc-6.1.8.jar;D:\develop\apache-maven-3.9.9\mvn_repo\org\springframework\spring-aop\6.1.8\spring-aop-6.1.8.jar;D:\develop\apache-maven-3.9.9\mvn_repo\org\springframework\spring-context\6.1.8\spring-context-6.1.8.jar;D:\develop\apache-maven-3.9.9\mvn_repo\org\springframework\spring-expression\6.1.8\spring-expression-6.1.8.jar;D:\develop\apache-maven-3.9.9\mvn_repo\org\mybatis\spring\boot\mybatis-spring-boot-starter\3.0.4\mybatis-spring-boot-starter-3.0.4.jar;D:\develop\apache-maven-3.9.9\mvn_repo\org\springframework\boot\spring-boot-starter-jdbc\3.3.0\spring-boot-starter-jdbc-3.3.0.jar;D:\develop\apache-maven-3.9.9\mvn_repo\com\zaxxer\HikariCP\5.1.0\HikariCP-5.1.0.jar;D:\develop\apache-maven-3.9.9\mvn_repo\org\springframework\spring-jdbc\6.1.8\spring-jdbc-6.1.8.jar;D:\develop\apache-maven-3.9.9\mvn_repo\org\springframework\spring-tx\6.1.8\spring-tx-6.1.8.jar;D:\develop\apache-maven-3.9.9\mvn_repo\org\mybatis\spring\boot\mybatis-spring-boot-autoconfigure\3.0.4\mybatis-spring-boot-autoconfigure-3.0.4.jar;D:\develop\apache-maven-3.9.9\mvn_repo\org\mybatis\mybatis\3.5.17\mybatis-3.5.17.jar;D:\develop\apache-maven-3.9.9\mvn_repo\org\mybatis\mybatis-spring\3.0.4\mybatis-spring-3.0.4.jar;D:\develop\apache-maven-3.9.9\mvn_repo\com\mysql\mysql-connector-j\8.3.0\mysql-connector-j-8.3.0.jar;D:\develop\apache-maven-3.9.9\mvn_repo\org\projectlombok\lombok\1.18.32\lombok-1.18.32.jar;D:\develop\apache-maven-3.9.9\mvn_repo\org\springframework\boot\spring-boot-starter-test\3.3.0\spring-boot-starter-test-3.3.0.jar;D:\develop\apache-maven-3.9.9\mvn_repo\org\springframework\boot\spring-boot-test\3.3.0\spring-boot-test-3.3.0.jar;D:\develop\apache-maven-3.9.9\mvn_repo\org\springframework\boot\spring-boot-test-autoconfigure\3.3.0\spring-boot-test-autoconfigure-3.3.0.jar;D:\develop\apache-maven-3.9.9\mvn_repo\com\jayway\jsonpath\json-path\2.9.0\json-path-2.9.0.jar;D:\develop\apache-maven-3.9.9\mvn_repo\org\slf4j\slf4j-api\2.0.13\slf4j-api-2.0.13.jar;D:\develop\apache-maven-3.9.9\mvn_repo\jakarta\xml\bind\jakarta.xml.bind-api\4.0.2\jakarta.xml.bind-api-4.0.2.jar;D:\develop\apache-maven-3.9.9\mvn_repo\jakarta\activation\jakarta.activation-api\2.1.3\jakarta.activation-api-2.1.3.jar;D:\develop\apache-maven-3.9.9\mvn_repo\net\minidev\json-smart\2.5.1\json-smart-2.5.1.jar;D:\develop\apache-maven-3.9.9\mvn_repo\net\minidev\accessors-smart\2.5.1\accessors-smart-2.5.1.jar;D:\develop\apache-maven-3.9.9\mvn_repo\org\ow2\asm\asm\9.6\asm-9.6.jar;D:\develop\apache-maven-3.9.9\mvn_repo\org\assertj\assertj-core\3.25.3\assertj-core-3.25.3.jar;D:\develop\apache-maven-3.9.9\mvn_repo\net\bytebuddy\byte-buddy\1.14.16\byte-buddy-1.14.16.jar;D:\develop\apache-maven-3.9.9\mvn_repo\org\awaitility\awaitility\4.2.1\awaitility-4.2.1.jar;D:\develop\apache-maven-3.9.9\mvn_repo\org\hamcrest\hamcrest\2.2\hamcrest-2.2.jar;D:\develop\apache-maven-3.9.9\mvn_repo\org\junit\jupiter\junit-jupiter\5.10.2\junit-jupiter-5.10.2.jar;D:\develop\apache-maven-3.9.9\mvn_repo\org\junit\jupiter\junit-jupiter-api\5.10.2\junit-jupiter-api-5.10.2.jar;D:\develop\apache-maven-3.9.9\mvn_repo\org\opentest4j\opentest4j\1.3.0\opentest4j-1.3.0.jar;D:\develop\apache-maven-3.9.9\mvn_repo\org\junit\platform\junit-platform-commons\1.10.2\junit-platform-commons-1.10.2.jar;D:\develop\apache-maven-3.9.9\mvn_repo\org\apiguardian\apiguardian-api\1.1.2\apiguardian-api-1.1.2.jar;D:\develop\apache-maven-3.9.9\mvn_repo\org\junit\jupiter\junit-jupiter-params\5.10.2\junit-jupiter-params-5.10.2.jar;D:\develop\apache-maven-3.9.9\mvn_repo\org\junit\jupiter\junit-jupiter-engine\5.10.2\junit-jupiter-engine-5.10.2.jar;D:\develop\apache-maven-3.9.9\mvn_repo\org\junit\platform\junit-platform-engine\1.10.2\junit-platform-engine-1.10.2.jar;D:\develop\apache-maven-3.9.9\mvn_repo\org\mockito\mockito-core\5.11.0\mockito-core-5.11.0.jar;D:\develop\apache-maven-3.9.9\mvn_repo\net\bytebuddy\byte-buddy-agent\1.14.16\byte-buddy-agent-1.14.16.jar;D:\develop\apache-maven-3.9.9\mvn_repo\org\objenesis\objenesis\3.3\objenesis-3.3.jar;D:\develop\apache-maven-3.9.9\mvn_repo\org\mockito\mockito-junit-jupiter\5.11.0\mockito-junit-jupiter-5.11.0.jar;D:\develop\apache-maven-3.9.9\mvn_repo\org\skyscreamer\jsonassert\1.5.1\jsonassert-1.5.1.jar;D:\develop\apache-maven-3.9.9\mvn_repo\com\vaadin\external\google\android-json\0.0.20131108.vaadin1\android-json-0.0.20131108.vaadin1.jar;D:\develop\apache-maven-3.9.9\mvn_repo\org\springframework\spring-core\6.1.8\spring-core-6.1.8.jar;D:\develop\apache-maven-3.9.9\mvn_repo\org\springframework\spring-jcl\6.1.8\spring-jcl-6.1.8.jar;D:\develop\apache-maven-3.9.9\mvn_repo\org\springframework\spring-test\6.1.8\spring-test-6.1.8.jar;D:\develop\apache-maven-3.9.9\mvn_repo\org\xmlunit\xmlunit-core\2.9.1\xmlunit-core-2.9.1.jar;D:\develop\apache-maven-3.9.9\mvn_repo\org\springframework\boot\spring-boot-starter-actuator\3.3.0\spring-boot-starter-actuator-3.3.0.jar;D:\develop\apache-maven-3.9.9\mvn_repo\org\springframework\boot\spring-boot-actuator-autoconfigure\3.3.0\spring-boot-actuator-autoconfigure-3.3.0.jar;D:\develop\apache-maven-3.9.9\mvn_repo\org\springframework\boot\spring-boot-actuator\3.3.0\spring-boot-actuator-3.3.0.jar;D:\develop\apache-maven-3.9.9\mvn_repo\io\micrometer\micrometer-observation\1.13.0\micrometer-observation-1.13.0.jar;D:\develop\apache-maven-3.9.9\mvn_repo\io\micrometer\micrometer-commons\1.13.0\micrometer-commons-1.13.0.jar;D:\develop\apache-maven-3.9.9\mvn_repo\io\micrometer\micrometer-jakarta9\1.13.0\micrometer-jakarta9-1.13.0.jar;D:\develop\apache-maven-3.9.9\mvn_repo\io\micrometer\micrometer-core\1.13.0\micrometer-core-1.13.0.jar;D:\develop\apache-maven-3.9.9\mvn_repo\org\hdrhistogram\HdrHistogram\2.2.1\HdrHistogram-2.2.1.jar;D:\develop\apache-maven-3.9.9\mvn_repo\org\latencyutils\LatencyUtils\2.0.3\LatencyUtils-2.0.3.jar;D:\develop\apache-maven-3.9.9\mvn_repo\com\github\pagehelper\pagehelper-spring-boot-starter\1.4.7\pagehelper-spring-boot-starter-1.4.7.jar;D:\develop\apache-maven-3.9.9\mvn_repo\com\github\pagehelper\pagehelper-spring-boot-autoconfigure\1.4.7\pagehelper-spring-boot-autoconfigure-1.4.7.jar;D:\develop\apache-maven-3.9.9\mvn_repo\com\github\pagehelper\pagehelper\5.3.3\pagehelper-5.3.3.jar;D:\develop\apache-maven-3.9.9\mvn_repo\com\github\jsqlparser\jsqlparser\4.5\jsqlparser-4.5.jar;D:\develop\apache-maven-3.9.9\mvn_repo\io\jsonwebtoken\jjwt\0.12.3\jjwt-0.12.3.jar;D:\develop\apache-maven-3.9.9\mvn_repo\io\jsonwebtoken\jjwt-api\0.12.3\jjwt-api-0.12.3.jar;D:\develop\apache-maven-3.9.9\mvn_repo\io\jsonwebtoken\jjwt-impl\0.12.3\jjwt-impl-0.12.3.jar;D:\develop\apache-maven-3.9.9\mvn_repo\io\jsonwebtoken\jjwt-jackson\0.12.3\jjwt-jackson-0.12.3.jar;D:\develop\apache-maven-3.9.9\mvn_repo\javax\xml\bind\jaxb-api\2.1\jaxb-api-2.1.jar;D:\develop\apache-maven-3.9.9\mvn_repo\javax\xml\stream\stax-api\1.0-2\stax-api-1.0-2.jar;D:\develop\apache-maven-3.9.9\mvn_repo\javax\activation\activation\1.1\activation-1.1.jar;D:\develop\apache-maven-3.9.9\mvn_repo\com\alibaba\fastjson\2.0.52\fastjson-2.0.52.jar;D:\develop\apache-maven-3.9.9\mvn_repo\com\alibaba\fastjson2\fastjson2-extension\2.0.52\fastjson2-extension-2.0.52.jar;D:\develop\apache-maven-3.9.9\mvn_repo\com\alibaba\fastjson2\fastjson2\2.0.52\fastjson2-2.0.52.jar;"/>
    <property name="sun.cpu.endian" value="little"/>
    <property name="user.home" value="C:\Users\Admin"/>
    <property name="user.language" value="zh"/>
    <property name="java.specification.vendor" value="Oracle Corporation"/>
    <property name="java.version.date" value="2024-10-15"/>
    <property name="java.home" value="D:\jdk-21.0.5"/>
    <property name="file.separator" value="\"/>
    <property name="basedir" value="D:\student\tlias-web-management\tlias-web-management"/>
    <property name="java.vm.compressedOopsMode" value="Zero based"/>
    <property name="line.separator" value="&#10;"/>
    <property name="java.vm.specification.vendor" value="Oracle Corporation"/>
    <property name="java.specification.name" value="Java Platform API Specification"/>
    <property name="FILE_LOG_CHARSET" value="UTF-8"/>
    <property name="java.awt.headless" value="true"/>
    <property name="surefire.real.class.path" value="C:\Users\Admin\AppData\Local\Temp\surefire13901775139019230395\surefirebooter-20250105194327768_3.jar"/>
    <property name="user.script" value=""/>
    <property name="sun.management.compiler" value="HotSpot 64-Bit Tiered Compilers"/>
    <property name="java.runtime.version" value="21.0.5+9-LTS-239"/>
    <property name="user.name" value="Admin"/>
    <property name="stdout.encoding" value="GBK"/>
    <property name="path.separator" value=";"/>
    <property name="os.version" value="10.0"/>
    <property name="java.runtime.name" value="Java(TM) SE Runtime Environment"/>
    <property name="file.encoding" value="UTF-8"/>
    <property name="java.vm.name" value="Java HotSpot(TM) 64-Bit Server VM"/>
    <property name="localRepository" value="D:\develop\apache-maven-3.9.9\mvn_repo"/>
    <property name="java.vendor.url.bug" value="https://bugreport.java.com/bugreport/"/>
    <property name="java.io.tmpdir" value="C:\Users\Admin\AppData\Local\Temp\"/>
    <property name="idea.version" value="2024.3.1"/>
    <property name="java.version" value="21.0.5"/>
    <property name="user.dir" value="D:\student\tlias-web-management\tlias-web-management"/>
    <property name="os.arch" value="amd64"/>
    <property name="java.vm.specification.name" value="Java Virtual Machine Specification"/>
    <property name="PID" value="1656"/>
    <property name="sun.os.patch.level" value=""/>
    <property name="CONSOLE_LOG_CHARSET" value="UTF-8"/>
    <property name="native.encoding" value="GBK"/>
    <property name="java.library.path" value="D:\jdk-21.0.5\bin;C:\WINDOWS\Sun\Java\bin;C:\WINDOWS\system32;C:\WINDOWS;D:\jdk-21.0.5\bin;D:\jdk-21.0.5\jre\bin;C:\Program Files\Common Files\Oracle\Java\javapath;C:\Program Files (x86)\Common Files\Oracle\Java\java8path;C:\Program Files (x86)\Common Files\Oracle\Java\javapath;C:\WINDOWS\system32;C:\WINDOWS;C:\WINDOWS\System32\Wbem;C:\WINDOWS\System32\WindowsPowerShell\v1.0\;C:\WINDOWS\System32\OpenSSH\;D:\ADB;D:\Bandizip;C:\Program Files (x86)\NVIDIA Corporation\PhysX\Common;C:\Program Files\NVIDIA Corporation\NVIDIA NvDLISR;C:\Program Files\dotnet\;D:\develop\NodeJS\;D:\develop\apache-maven-3.9.9\bin;D:\develop\apache-tomcat-10.1.33\bin;D:\develop\mysql\install\bin;C:\Program Files\MySQL\MySQL Shell 8.0\bin\;C:\Users\Admin\AppData\Local\Microsoft\WindowsApps;D:\develop\Microsoft VS Code\bin;C:\Users\Admin\AppData\Roaming\npm;."/>
    <property name="java.vm.info" value="mixed mode, sharing"/>
    <property name="stderr.encoding" value="GBK"/>
    <property name="java.vendor" value="Oracle Corporation"/>
    <property name="java.vm.version" value="21.0.5+9-LTS-239"/>
    <property name="sun.io.unicode.encoding" value="UnicodeLittle"/>
    <property name="maven.repo.local" value="D:\develop\apache-maven-3.9.9\mvn_repo"/>
    <property name="java.class.version" value="65.0"/>
  </properties>
  <testcase name="contextLoads" classname="com.yun.TliasWebManagementApplicationTests" time="0.639">
    <system-out><![CDATA[19:43:28.662 [main] INFO org.springframework.test.context.support.AnnotationConfigContextLoaderUtils -- Could not detect default configuration classes for test class [com.yun.TliasWebManagementApplicationTests]: TliasWebManagementApplicationTests does not declare any static, non-private, non-final, nested classes annotated with @Configuration.
19:43:28.743 [main] INFO org.springframework.boot.test.context.SpringBootTestContextBootstrapper -- Found @SpringBootConfiguration com.yun.TliasWebManagementApplication for test class com.yun.TliasWebManagementApplicationTests
  .   ____          _            __ _ _
 /\\ / ___'_ __ _ _(_)_ __  __ _ \ \ \ \
( ( )\___ | '_ | '_| | '_ \/ _` | \ \ \ \
 \\/  ___)| |_)| | | | | || (_| |  ) ) ) )
  '  |____| .__|_| |_|_| |_\__, | / / / /
 =========|_|==============|___/=/_/_/_/

 :: Spring Boot ::                (v3.3.0)

2025-01-05T19:43:29.032+08:00  INFO 1656 --- [           main] c.y.TliasWebManagementApplicationTests   : Starting TliasWebManagementApplicationTests using Java 21.0.5 with PID 1656 (started by Admin in D:\student\tlias-web-management\tlias-web-management)
2025-01-05T19:43:29.032+08:00  INFO 1656 --- [           main] c.y.TliasWebManagementApplicationTests   : No active profile set, falling back to 1 default profile: "default"
Logging initialized using 'class org.apache.ibatis.logging.stdout.StdOutImpl' adapter.


,------.                           ,--.  ,--.         ,--.                         
|  .--. '  ,--,--.  ,---.   ,---.  |  '--'  |  ,---.  |  |  ,---.   ,---.  ,--.--. 
|  '--' | ' ,-.  | | .-. | | .-. : |  .--.  | | .-. : |  | | .-. | | .-. : |  .--' 
|  | --'  \ '-'  | ' '-' ' \   --. |  |  |  | \   --. |  | | '-' ' \   --. |  |    
`--'       `--`--' .`-  /   `----' `--'  `--'  `----' `--' |  |-'   `----' `--'    
                   `---'                                   `--'                        is intercepting.

2025-01-05T19:43:30.747+08:00  INFO 1656 --- [           main] o.s.b.a.e.web.EndpointLinksResolver      : Exposing 1 endpoint beneath base path '/actuator'
2025-01-05T19:43:30.800+08:00  INFO 1656 --- [           main] c.y.TliasWebManagementApplicationTests   : Started TliasWebManagementApplicationTests in 1.954 seconds (process running for 2.922)
]]></system-out>
    <system-err><![CDATA[WARNING: A Java agent has been loaded dynamically (D:\develop\apache-maven-3.9.9\mvn_repo\net\bytebuddy\byte-buddy-agent\1.14.16\byte-buddy-agent-1.14.16.jar)
WARNING: If a serviceability tool is in use, please run with -XX:+EnableDynamicAgentLoading to hide this warning
WARNING: If a serviceability tool is not in use, please run with -Djdk.instrument.traceUsage for more information
WARNING: Dynamic loading of agents will be disallowed by default in a future release
]]></system-err>
  </testcase>
</testsuite>